[0mGET / [36m304[0m 207.728 ms - -[0m
[0mGET /favicon.ico [33m404[0m 6.024 ms - 150[0m
[0mGET /users/sign-in [36m304[0m 16.883 ms - -[0m
[0mPOST /users/create-session [36m302[0m 13.480 ms - 46[0m
[0mGET / [32m200[0m 32.322 ms - 12368[0m
[0mGET /users/profile/6480c72923808a189c1cc266 [32m200[0m 450.990 ms - 2159[0m
[0mGET /users/sign-out [36m302[0m 8.890 ms - 46[0m
[0mGET / [32m200[0m 24.051 ms - 8284[0m
[0mGET / [32m200[0m 1215.692 ms - 7962[0m
[0mGET /%3C%=assetPath('css/header.css')%%3E [33m404[0m 136.390 ms - 189[0m
[0mGET /%3C%=assetPath('css/header.css')%%3E [33m404[0m 3.887 ms - 189[0m
[0mGET /favicon.ico [33m404[0m 3.839 ms - 150[0m
[0mGET /users/sign-in [32m200[0m 21.694 ms - 1845[0m
[0mGET /users/%3C%=assetPath('css/header.css')%%3E [33m404[0m 14.522 ms - 195[0m
[0mGET /users/css/layout.css [33m404[0m 13.243 ms - 159[0m
[0mGET /users/css/layout.css [33m404[0m 9.739 ms - 159[0m
[0mGET /users/%3C%=assetPath('css/header.css')%%3E [33m404[0m 9.514 ms - 195[0m
[0mGET /%3C%=assetPath('css/header.css')%%3E [33m404[0m 9.690 ms - 189[0m
[0mGET /%3C%=assetPath('css/header.css')%%3E [33m404[0m 6.514 ms - 189[0m
[0mGET / [32m200[0m 68.495 ms - 7969[0m
[0mGET /css/layout-a684af89f1.css [33m404[0m 28.902 ms - 164[0m
[0mGET /undefined [33m404[0m 40.830 ms - 148[0m
[0mGET /%3C%=assetPath('css/header.css')%%3E [33m404[0m 45.999 ms - 189[0m
[0mGET / [32m200[0m 43.089 ms - 7969[0m
[0mGET /%3C%=assetPath('css/header.css')%%3E [33m404[0m 13.375 ms - 189[0m
[0mGET /css/layout-a684af89f1.css [33m404[0m 14.019 ms - 164[0m
[0mGET /undefined [33m404[0m 15.477 ms - 148[0m
[0mGET /%3C%=assetPath('css/header.css')%%3E [33m404[0m 5.005 ms - 189[0m
[0mGET /css/layout-a684af89f1.css [33m404[0m 8.275 ms - 164[0m
[0mGET /undefined [33m404[0m 11.279 ms - 148[0m
[0mGET /favicon.ico [33m404[0m 4.491 ms - 150[0m
[0mGET / [32m200[0m 84.488 ms - 7969[0m
[0mGET /%3C%=assetPath('css/header.css')%%3E [33m404[0m 27.420 ms - 189[0m
[0mGET /css/layout-a684af89f1.css [33m404[0m 38.725 ms - 164[0m
[0mGET /undefined [33m404[0m 41.393 ms - 148[0m
[0mGET /%3C%=assetPath('css/header.css')%%3E [33m404[0m 6.267 ms - 189[0m
[0mGET /css/layout-a684af89f1.css [33m404[0m 11.716 ms - 164[0m
[0mGET /undefined [33m404[0m 8.172 ms - 148[0m
[0mGET /favicon.ico [33m404[0m 4.607 ms - 150[0m
[0mGET / [32m200[0m 72.635 ms - 7963[0m
[0mGET /css/layout-a684af89f1.css [33m404[0m 8.160 ms - 164[0m
[0mGET /undefined [33m404[0m 55.239 ms - 148[0m
[0mGET /css/header-8826db4aa2.css [33m404[0m 62.731 ms - 164[0m
[0mGET /css/layout-a684af89f1.css [33m404[0m 10.148 ms - 164[0m
[0mGET /css/header-8826db4aa2.css [33m404[0m 11.432 ms - 164[0m
[0mGET /undefined [33m404[0m 10.934 ms - 148[0m
[0mGET / [32m200[0m 117.791 ms - 7979[0m
[0mGET /css/layout-a684af89f1.css [33m404[0m 11.374 ms - 164[0m
[0mGET /css/header-8826db4aa2.css [33m404[0m 31.772 ms - 164[0m
[0mGET /css/footer-80b8801692.css [33m404[0m 43.561 ms - 164[0m
[0mGET / [32m200[0m 73.591 ms - 7979[0m
[0mGET /css/layout-5813f499a2.css [33m404[0m 37.643 ms - 164[0m
[0mGET /css/header-86d579b9e3.css [33m404[0m 53.800 ms - 164[0m
[0mGET /css/footer-0559d03be7.css [33m404[0m 53.108 ms - 164[0m
[0mGET / [32m200[0m 167.220 ms - 7943[0m
